[2014-10-08 08:37:40.032] [INFO] normalLog - GET /
[2014-10-08 08:37:40.119] [INFO] normalLog - GET /js/easyui-lang-zh_CN.js
[2014-10-08 08:37:40.120] [INFO] normalLog - GET /js/jquery.min.js
[2014-10-08 08:37:40.120] [INFO] normalLog - GET /css/themes/default/easyui.css
[2014-10-08 08:37:40.124] [INFO] normalLog - GET /css/themes/default.css
[2014-10-08 08:37:40.125] [INFO] normalLog - GET /css/themes/icon.css
[2014-10-08 08:37:40.125] [INFO] normalLog - GET /js/jquery.easyui.min.js
[2014-10-08 08:37:40.303] [INFO] normalLog - GET /css/themes/icons/man.png
[2014-10-08 08:37:40.336] [INFO] normalLog - GET /css/themes/icons/edit_add.png
[2014-10-08 08:37:40.337] [INFO] normalLog - GET /css/themes/icons/cancel.png
[2014-10-08 08:37:40.338] [INFO] normalLog - GET /css/themes/icons/ok.png
[2014-10-08 08:37:40.363] [INFO] normalLog - GET /css/themes/default/images/blank.gif
[2014-10-08 08:37:40.386] [INFO] normalLog - GET /css/themes/default/images/panel_tools.png
[2014-10-08 08:37:40.467] [INFO] normalLog - GET /favicon.ico
[2014-10-08 08:37:45.923] [INFO] normalLog - GET /admin
[2014-10-08 08:37:45.965] [INFO] normalLog - GET /css/themes/default/easyui.css
[2014-10-08 08:37:45.966] [INFO] normalLog - GET /css/themes/icon.css
[2014-10-08 08:37:45.969] [INFO] normalLog - GET /js/jquery.min.js
[2014-10-08 08:37:45.971] [INFO] normalLog - GET /css/themes/default.css
[2014-10-08 08:37:45.971] [INFO] normalLog - GET /js/jquery.easyui.min.js
[2014-10-08 08:37:45.976] [INFO] normalLog - GET /js/outlook2.js
[2014-10-08 08:37:45.997] [INFO] normalLog - GET /images/cloud.jpg
[2014-10-08 08:37:46.258] [INFO] normalLog - GET /css/themes/default/images/panel_tools.png
[2014-10-08 08:37:46.259] [INFO] normalLog - GET /css/themes/icons/redo.png
[2014-10-08 08:37:46.273] [INFO] normalLog - GET /css/themes/default/images/layout_arrows.png
[2014-10-08 08:37:46.275] [INFO] normalLog - GET /css/themes/default/images/tabs_icons.png
[2014-10-08 08:37:46.275] [INFO] normalLog - GET /css/themes/default/images/accordion_arrows.png
[2014-10-08 08:37:46.674] [INFO] normalLog - GET /images/tabicons.png
[2014-10-08 08:37:46.744] [INFO] normalLog - GET /favicon.ico
[2014-10-08 08:37:52.713] [INFO] normalLog - GET /admin
[2014-10-08 08:37:52.724] [INFO] normalLog - GET /css/themes/default/images/tabs_icons.png
[2014-10-08 08:37:52.727] [INFO] normalLog - GET /admin
[2014-10-08 08:37:52.752] [INFO] normalLog - GET /favicon.ico
[2014-10-08 08:37:52.758] [INFO] normalLog - GET /favicon.ico
[2014-10-08 08:37:52.785] [INFO] normalLog - GET /css/themes/default/easyui.css
[2014-10-08 08:37:52.797] [INFO] normalLog - GET /css/themes/icon.css
[2014-10-08 08:37:52.798] [INFO] normalLog - GET /js/jquery.min.js
[2014-10-08 08:37:52.799] [INFO] normalLog - GET /css/themes/default.css
[2014-10-08 08:37:52.800] [INFO] normalLog - GET /js/jquery.easyui.min.js
[2014-10-08 08:37:52.805] [INFO] normalLog - GET /js/outlook2.js
[2014-10-08 08:37:52.805] [INFO] normalLog - GET /images/cloud.jpg
[2014-10-08 08:37:56.661] [INFO] normalLog - GET /adminuser
[2014-10-08 08:37:56.670] [INFO] normalLog - GET /adminuser
[2014-10-08 08:37:56.691] [INFO] normalLog - GET /favicon.ico
[2014-10-08 08:37:56.710] [INFO] normalLog - GET /favicon.ico
[2014-10-08 08:37:56.735] [INFO] normalLog - GET /css/themes/default/easyui.css
[2014-10-08 08:37:56.740] [INFO] normalLog - GET /css/themes/icon.css
[2014-10-08 08:37:56.744] [INFO] normalLog - GET /css/themes/default.css
[2014-10-08 08:37:56.748] [INFO] normalLog - GET /js/jquery.min.js
[2014-10-08 08:37:56.750] [INFO] normalLog - GET /js/jquery.easyui.min.js
[2014-10-08 08:37:56.751] [INFO] normalLog - GET /js/easyui-lang-zh_CN.js
[2014-10-08 08:37:56.784] [INFO] normalLog - GET /css/themes/icons/lock.png
[2014-10-08 08:37:56.812] [INFO] normalLog - GET /css/themes/icons/edit_remove.png
[2014-10-08 08:37:56.816] [INFO] normalLog - GET /css/themes/icons/pencil.png
[2014-10-08 08:37:56.819] [INFO] normalLog - GET /css/themes/icons/filesave.png
[2014-10-08 08:37:56.819] [INFO] normalLog - GET /css/themes/icons/back.png
[2014-10-08 08:37:56.843] [INFO] normalLog - GET /css/themes/default/images/combo_arrow.png
[2014-10-08 08:37:56.928] [INFO] normalLog - GET /css/themes/default/images/pagination_icons.png
[2014-10-08 08:37:56.939] [INFO] normalLog - GET /css/themes/default/images/loading.gif
[2014-10-08 08:37:57.030] [INFO] normalLog - POST /getadminuser
[2014-10-08 08:38:01.803] [INFO] normalLog - GET /adminperson
[2014-10-08 08:38:01.807] [INFO] normalLog - GET /adminperson
[2014-10-08 08:38:01.827] [INFO] normalLog - GET /favicon.ico
[2014-10-08 08:38:01.845] [INFO] normalLog - GET /favicon.ico
[2014-10-08 08:38:01.878] [INFO] normalLog - GET /css/themes/default/easyui.css
[2014-10-08 08:38:01.883] [INFO] normalLog - GET /css/themes/icon.css
[2014-10-08 08:38:01.885] [INFO] normalLog - GET /css/themes/default.css
[2014-10-08 08:38:01.886] [INFO] normalLog - GET /js/jquery.min.js
[2014-10-08 08:38:01.886] [INFO] normalLog - GET /js/jquery.easyui.min.js
[2014-10-08 08:38:01.888] [INFO] normalLog - GET /js/easyui-lang-zh_CN.js
[2014-10-08 08:38:02.015] [INFO] normalLog - GET /sessionContent
[2014-10-08 08:38:02.040] [INFO] normalLog - POST /adminperson
[2014-10-08 08:38:05.085] [INFO] normalLog - GET /favicon.ico
[2014-10-08 08:48:25.539] [INFO] normalLog - GET /admin
[2014-10-08 08:48:25.583] [INFO] normalLog - GET /css/themes/default/easyui.css
[2014-10-08 08:48:25.589] [INFO] normalLog - GET /css/themes/icon.css
[2014-10-08 08:48:25.591] [INFO] normalLog - GET /css/themes/default.css
[2014-10-08 08:48:25.592] [INFO] normalLog - GET /js/jquery.min.js
[2014-10-08 08:48:25.592] [INFO] normalLog - GET /js/jquery.easyui.min.js
[2014-10-08 08:48:25.595] [INFO] normalLog - GET /js/outlook2.js
[2014-10-08 08:48:25.597] [INFO] normalLog - GET /images/cloud.jpg
[2014-10-08 08:48:25.848] [INFO] normalLog - GET /favicon.ico
[2014-10-08 08:48:27.651] [INFO] normalLog - GET /admintenant
[2014-10-08 08:48:27.657] [INFO] normalLog - GET /admintenant
[2014-10-08 08:48:27.677] [INFO] normalLog - GET /favicon.ico
[2014-10-08 08:48:27.704] [INFO] normalLog - GET /favicon.ico
[2014-10-08 08:48:27.725] [INFO] normalLog - GET /css/themes/default/easyui.css
[2014-10-08 08:48:27.726] [INFO] normalLog - GET /css/themes/icon.css
[2014-10-08 08:48:27.732] [INFO] normalLog - GET /css/themes/default.css
[2014-10-08 08:48:27.733] [INFO] normalLog - GET /js/jquery.min.js
[2014-10-08 08:48:27.735] [INFO] normalLog - GET /js/jquery.easyui.min.js
[2014-10-08 08:48:27.738] [INFO] normalLog - GET /js/easyui-lang-zh_CN.js
[2014-10-08 08:49:17.673] [INFO] normalLog - GET /favicon.ico
[2014-10-08 08:49:17.684] [INFO] normalLog - GET /favicon.ico
[2014-10-08 08:49:17.692] [INFO] normalLog - GET /admintenant
[2014-10-08 08:49:17.721] [INFO] normalLog - GET /css/themes/default/easyui.css
[2014-10-08 08:49:17.726] [INFO] normalLog - GET /css/themes/icon.css
[2014-10-08 08:49:17.730] [INFO] normalLog - GET /js/jquery.easyui.min.js
[2014-10-08 08:49:17.730] [INFO] normalLog - GET /css/themes/default.css
[2014-10-08 08:49:17.733] [INFO] normalLog - GET /js/easyui-lang-zh_CN.js
[2014-10-08 08:49:17.734] [INFO] normalLog - GET /js/jquery.min.js
[2014-10-08 08:51:30.703] [INFO] normalLog - GET /favicon.ico
[2014-10-08 08:51:30.713] [INFO] normalLog - GET /favicon.ico
[2014-10-08 08:51:30.723] [INFO] normalLog - GET /admintenant
[2014-10-08 08:51:30.758] [INFO] normalLog - GET /css/themes/default/easyui.css
[2014-10-08 08:51:30.760] [INFO] normalLog - GET /css/themes/icon.css
[2014-10-08 08:51:30.767] [INFO] normalLog - GET /css/themes/default.css
[2014-10-08 08:51:30.768] [INFO] normalLog - GET /js/easyui-lang-zh_CN.js
[2014-10-08 08:51:30.769] [INFO] normalLog - GET /js/jquery.min.js
[2014-10-08 08:51:30.770] [INFO] normalLog - GET /js/jquery.easyui.min.js
[2014-10-08 08:51:31.052] [INFO] normalLog - POST /gettenant
[2014-10-08 08:53:23.390] [INFO] normalLog - GET /favicon.ico
[2014-10-08 08:53:23.399] [INFO] normalLog - GET /favicon.ico
[2014-10-08 08:53:23.411] [INFO] normalLog - GET /admintenant
[2014-10-08 08:53:23.449] [INFO] normalLog - GET /css/themes/default/easyui.css
[2014-10-08 08:53:23.451] [INFO] normalLog - GET /css/themes/icon.css
[2014-10-08 08:53:23.452] [INFO] normalLog - GET /css/themes/default.css
[2014-10-08 08:53:23.454] [INFO] normalLog - GET /js/jquery.min.js
[2014-10-08 08:53:23.456] [INFO] normalLog - GET /js/jquery.easyui.min.js
[2014-10-08 08:53:23.457] [INFO] normalLog - GET /js/easyui-lang-zh_CN.js
[2014-10-08 08:53:23.728] [INFO] normalLog - POST /gettenant
[2014-10-08 08:54:04.452] [INFO] normalLog - GET /admintenant
[2014-10-08 08:54:04.453] [INFO] normalLog - GET /admintenant
[2014-10-08 08:54:04.467] [INFO] normalLog - GET /favicon.ico
[2014-10-08 08:54:04.485] [INFO] normalLog - GET /favicon.ico
[2014-10-08 08:54:04.518] [INFO] normalLog - GET /css/themes/default.css
[2014-10-08 08:54:04.521] [INFO] normalLog - GET /css/themes/default/easyui.css
[2014-10-08 08:54:04.523] [INFO] normalLog - GET /css/themes/icon.css
[2014-10-08 08:54:04.524] [INFO] normalLog - GET /js/jquery.min.js
[2014-10-08 08:54:04.527] [INFO] normalLog - GET /js/jquery.easyui.min.js
[2014-10-08 08:54:04.530] [INFO] normalLog - GET /js/easyui-lang-zh_CN.js
[2014-10-08 08:54:04.797] [INFO] normalLog - POST /gettenant
[2014-10-08 08:58:56.574] [INFO] normalLog - GET /favicon.ico
[2014-10-08 08:58:56.583] [INFO] normalLog - GET /favicon.ico
[2014-10-08 08:58:56.591] [INFO] normalLog - GET /admintenant
[2014-10-08 08:58:56.623] [INFO] normalLog - GET /css/themes/icon.css
[2014-10-08 08:58:56.626] [INFO] normalLog - GET /css/themes/default/easyui.css
[2014-10-08 08:58:56.630] [INFO] normalLog - GET /css/themes/default.css
[2014-10-08 08:58:56.630] [INFO] normalLog - GET /js/jquery.min.js
[2014-10-08 08:58:56.631] [INFO] normalLog - GET /js/easyui-lang-zh_CN.js
[2014-10-08 08:58:56.634] [INFO] normalLog - GET /js/jquery.easyui.min.js
[2014-10-08 08:58:56.891] [INFO] normalLog - POST /gettenant
[2014-10-08 08:59:26.195] [INFO] normalLog - GET /admintenant
[2014-10-08 08:59:26.216] [INFO] normalLog - GET /admintenant
[2014-10-08 08:59:26.243] [INFO] normalLog - GET /favicon.ico
[2014-10-08 08:59:26.263] [INFO] normalLog - GET /favicon.ico
[2014-10-08 08:59:26.307] [INFO] normalLog - GET /css/themes/icon.css
[2014-10-08 08:59:26.308] [INFO] normalLog - GET /css/themes/default/easyui.css
[2014-10-08 08:59:26.310] [INFO] normalLog - GET /css/themes/default.css
[2014-10-08 08:59:26.313] [INFO] normalLog - GET /js/jquery.min.js
[2014-10-08 08:59:26.315] [INFO] normalLog - GET /js/jquery.easyui.min.js
[2014-10-08 08:59:26.321] [INFO] normalLog - GET /js/easyui-lang-zh_CN.js
[2014-10-08 08:59:26.489] [INFO] normalLog - POST /gettenant
[2014-10-08 09:03:10.566] [INFO] normalLog - GET /admin
[2014-10-08 09:03:10.782] [INFO] normalLog - GET /css/themes/default/easyui.css
[2014-10-08 09:03:10.785] [INFO] normalLog - GET /js/outlook2.js
[2014-10-08 09:03:10.788] [INFO] normalLog - GET /css/themes/default.css
[2014-10-08 09:03:10.790] [INFO] normalLog - GET /js/jquery.min.js
[2014-10-08 09:03:10.793] [INFO] normalLog - GET /css/themes/icon.css
[2014-10-08 09:03:10.794] [INFO] normalLog - GET /js/jquery.easyui.min.js
[2014-10-08 09:03:10.810] [INFO] normalLog - GET /images/cloud.jpg
[2014-10-08 09:03:10.948] [INFO] normalLog - GET /css/themes/icons/redo.png
[2014-10-08 09:03:10.973] [INFO] normalLog - GET /css/themes/default/images/blank.gif
[2014-10-08 09:03:10.974] [INFO] normalLog - GET /css/themes/default/images/panel_tools.png
[2014-10-08 09:03:10.974] [INFO] normalLog - GET /css/themes/default/images/layout_arrows.png
[2014-10-08 09:03:11.007] [INFO] normalLog - GET /css/themes/default/images/tabs_icons.png
[2014-10-08 09:03:11.118] [INFO] normalLog - GET /css/themes/default/images/accordion_arrows.png
[2014-10-08 09:03:11.119] [INFO] normalLog - GET /images/tabicons.png
[2014-10-08 09:03:11.213] [INFO] normalLog - GET /favicon.ico
[2014-10-08 09:03:12.377] [INFO] normalLog - GET /admintenant
[2014-10-08 09:03:12.389] [INFO] normalLog - GET /admintenant
[2014-10-08 09:03:12.395] [INFO] normalLog - GET /css/themes/default/images/tabs_icons.png
[2014-10-08 09:03:12.429] [INFO] normalLog - GET /favicon.ico
[2014-10-08 09:03:12.443] [INFO] normalLog - GET /favicon.ico
[2014-10-08 09:03:12.476] [INFO] normalLog - GET /css/themes/default/easyui.css
[2014-10-08 09:03:12.477] [INFO] normalLog - GET /css/themes/icon.css
[2014-10-08 09:03:12.486] [INFO] normalLog - GET /js/jquery.min.js
[2014-10-08 09:03:12.487] [INFO] normalLog - GET /css/themes/default.css
[2014-10-08 09:03:12.491] [INFO] normalLog - GET /js/jquery.easyui.min.js
[2014-10-08 09:03:12.492] [INFO] normalLog - GET /js/easyui-lang-zh_CN.js
[2014-10-08 09:03:12.582] [INFO] normalLog - GET /css/themes/icons/lock.png
[2014-10-08 09:03:12.618] [INFO] normalLog - GET /css/themes/icons/edit_remove.png
[2014-10-08 09:03:12.622] [INFO] normalLog - GET /css/themes/icons/pencil.png
[2014-10-08 09:03:12.624] [INFO] normalLog - GET /css/themes/icons/edit_add.png
[2014-10-08 09:03:12.629] [INFO] normalLog - GET /css/themes/icons/filesave.png
[2014-10-08 09:03:12.630] [INFO] normalLog - GET /css/themes/icons/back.png
[2014-10-08 09:03:12.708] [INFO] normalLog - GET /css/themes/default/images/pagination_icons.png
[2014-10-08 09:03:12.723] [INFO] normalLog - GET /css/themes/default/images/loading.gif
[2014-10-08 09:03:12.734] [INFO] normalLog - GET /css/themes/default/images/panel_tools.png
[2014-10-08 09:03:12.853] [INFO] normalLog - POST /gettenant
[2014-10-08 09:03:21.127] [INFO] normalLog - GET /admintenant
[2014-10-08 09:03:21.131] [INFO] normalLog - GET /admintenant
[2014-10-08 09:03:21.153] [INFO] normalLog - GET /favicon.ico
[2014-10-08 09:03:21.192] [INFO] normalLog - GET /favicon.ico
[2014-10-08 09:03:21.202] [INFO] normalLog - GET /css/themes/default/easyui.css
[2014-10-08 09:03:21.206] [INFO] normalLog - GET /css/themes/icon.css
[2014-10-08 09:03:21.207] [INFO] normalLog - GET /js/jquery.min.js
[2014-10-08 09:03:21.208] [INFO] normalLog - GET /css/themes/default.css
[2014-10-08 09:03:21.209] [INFO] normalLog - GET /js/jquery.easyui.min.js
[2014-10-08 09:03:21.211] [INFO] normalLog - GET /js/easyui-lang-zh_CN.js
[2014-10-08 09:03:21.494] [INFO] normalLog - POST /gettenant
[2014-10-08 09:05:00.075] [INFO] normalLog - GET /admintenant
[2014-10-08 09:05:00.089] [INFO] normalLog - GET /admintenant
[2014-10-08 09:05:00.114] [INFO] normalLog - GET /favicon.ico
[2014-10-08 09:05:00.125] [INFO] normalLog - GET /favicon.ico
[2014-10-08 09:05:00.156] [INFO] normalLog - GET /css/themes/default/easyui.css
[2014-10-08 09:05:00.158] [INFO] normalLog - GET /css/themes/icon.css
[2014-10-08 09:05:00.159] [INFO] normalLog - GET /js/jquery.min.js
[2014-10-08 09:05:00.162] [INFO] normalLog - GET /css/themes/default.css
[2014-10-08 09:05:00.163] [INFO] normalLog - GET /js/jquery.easyui.min.js
[2014-10-08 09:05:00.166] [INFO] normalLog - GET /js/easyui-lang-zh_CN.js
[2014-10-08 09:05:00.422] [INFO] normalLog - POST /gettenant
[2014-10-08 09:06:28.837] [INFO] normalLog - GET /admin
[2014-10-08 09:06:28.875] [INFO] normalLog - GET /css/themes/default/easyui.css
[2014-10-08 09:06:28.884] [INFO] normalLog - GET /css/themes/icon.css
[2014-10-08 09:06:28.889] [INFO] normalLog - GET /css/themes/default.css
[2014-10-08 09:06:28.891] [INFO] normalLog - GET /js/jquery.min.js
[2014-10-08 09:06:28.891] [INFO] normalLog - GET /js/jquery.easyui.min.js
[2014-10-08 09:06:28.892] [INFO] normalLog - GET /js/outlook2.js
[2014-10-08 09:06:28.893] [INFO] normalLog - GET /images/cloud.jpg
[2014-10-08 09:06:29.158] [INFO] normalLog - GET /favicon.ico
[2014-10-08 09:06:29.960] [INFO] normalLog - GET /admintenant
[2014-10-08 09:06:29.976] [INFO] normalLog - GET /admintenant
[2014-10-08 09:06:30.008] [INFO] normalLog - GET /favicon.ico
[2014-10-08 09:06:30.015] [INFO] normalLog - GET /favicon.ico
[2014-10-08 09:06:30.043] [INFO] normalLog - GET /css/themes/default/easyui.css
[2014-10-08 09:06:30.044] [INFO] normalLog - GET /js/jquery.easyui.min.js
[2014-10-08 09:06:30.053] [INFO] normalLog - GET /css/themes/default.css
[2014-10-08 09:06:30.053] [INFO] normalLog - GET /js/jquery.min.js
[2014-10-08 09:06:30.054] [INFO] normalLog - GET /js/easyui-lang-zh_CN.js
[2014-10-08 09:06:30.056] [INFO] normalLog - GET /css/themes/icon.css
[2014-10-08 09:06:30.249] [INFO] normalLog - POST /gettenant
[2014-10-08 09:07:10.643] [INFO] normalLog - GET /admintenant
[2014-10-08 09:07:10.656] [INFO] normalLog - GET /admintenant
[2014-10-08 09:07:10.682] [INFO] normalLog - GET /favicon.ico
[2014-10-08 09:07:10.686] [INFO] normalLog - GET /favicon.ico
[2014-10-08 09:07:10.715] [INFO] normalLog - GET /css/themes/icon.css
[2014-10-08 09:07:10.719] [INFO] normalLog - GET /css/themes/default/easyui.css
[2014-10-08 09:07:10.724] [INFO] normalLog - GET /css/themes/default.css
[2014-10-08 09:07:10.726] [INFO] normalLog - GET /js/jquery.min.js
[2014-10-08 09:07:10.726] [INFO] normalLog - GET /js/jquery.easyui.min.js
[2014-10-08 09:07:10.729] [INFO] normalLog - GET /js/easyui-lang-zh_CN.js
[2014-10-08 09:07:10.985] [INFO] normalLog - POST /gettenant
[2014-10-08 09:09:08.610] [INFO] normalLog - GET /admintenant
[2014-10-08 09:09:08.610] [INFO] normalLog - GET /admintenant
[2014-10-08 09:09:08.628] [INFO] normalLog - GET /favicon.ico
[2014-10-08 09:09:08.644] [INFO] normalLog - GET /favicon.ico
[2014-10-08 09:09:08.671] [INFO] normalLog - GET /css/themes/default/easyui.css
[2014-10-08 09:09:08.673] [INFO] normalLog - GET /css/themes/default.css
[2014-10-08 09:09:08.679] [INFO] normalLog - GET /css/themes/icon.css
[2014-10-08 09:09:08.682] [INFO] normalLog - GET /js/jquery.min.js
[2014-10-08 09:09:08.686] [INFO] normalLog - GET /js/jquery.easyui.min.js
[2014-10-08 09:09:08.688] [INFO] normalLog - GET /js/easyui-lang-zh_CN.js
[2014-10-08 09:09:08.978] [INFO] normalLog - POST /gettenant
[2014-10-08 09:09:13.924] [INFO] normalLog - GET /css/themes/default/images/messager_icons.png
[2014-10-08 09:11:26.728] [INFO] normalLog - GET /favicon.ico
[2014-10-08 09:11:26.734] [INFO] normalLog - GET /favicon.ico
[2014-10-08 09:11:26.741] [INFO] normalLog - GET /admintenant
[2014-10-08 09:11:26.770] [INFO] normalLog - GET /css/themes/default/easyui.css
[2014-10-08 09:11:26.786] [INFO] normalLog - GET /css/themes/icon.css
[2014-10-08 09:11:26.788] [INFO] normalLog - GET /css/themes/default.css
[2014-10-08 09:11:26.792] [INFO] normalLog - GET /js/jquery.min.js
[2014-10-08 09:11:26.792] [INFO] normalLog - GET /js/jquery.easyui.min.js
[2014-10-08 09:11:26.793] [INFO] normalLog - GET /js/easyui-lang-zh_CN.js
[2014-10-08 09:11:27.093] [INFO] normalLog - POST /gettenant
[2014-10-08 09:11:50.643] [INFO] normalLog - GET /adminuser
[2014-10-08 09:11:50.647] [INFO] normalLog - GET /adminuser
[2014-10-08 09:11:50.684] [INFO] normalLog - GET /favicon.ico
[2014-10-08 09:11:50.699] [INFO] normalLog - GET /favicon.ico
[2014-10-08 09:11:50.725] [INFO] normalLog - GET /css/themes/icon.css
[2014-10-08 09:11:50.725] [INFO] normalLog - GET /css/themes/default/easyui.css
[2014-10-08 09:11:50.730] [INFO] normalLog - GET /js/jquery.min.js
[2014-10-08 09:11:50.732] [INFO] normalLog - GET /css/themes/default.css
[2014-10-08 09:11:50.736] [INFO] normalLog - GET /js/jquery.easyui.min.js
[2014-10-08 09:11:50.739] [INFO] normalLog - GET /js/easyui-lang-zh_CN.js
[2014-10-08 09:11:50.894] [INFO] normalLog - GET /css/themes/default/images/combo_arrow.png
[2014-10-08 09:11:51.096] [INFO] normalLog - POST /getadminuser
[2014-10-08 09:11:52.525] [INFO] normalLog - GET /adminperson
[2014-10-08 09:11:52.528] [INFO] normalLog - GET /adminperson
[2014-10-08 09:11:52.571] [INFO] normalLog - GET /favicon.ico
[2014-10-08 09:11:52.592] [INFO] normalLog - GET /favicon.ico
[2014-10-08 09:11:52.642] [INFO] normalLog - GET /css/themes/default/easyui.css
[2014-10-08 09:11:52.643] [INFO] normalLog - GET /js/easyui-lang-zh_CN.js
[2014-10-08 09:11:52.644] [INFO] normalLog - GET /css/themes/icon.css
[2014-10-08 09:11:52.645] [INFO] normalLog - GET /js/jquery.easyui.min.js
[2014-10-08 09:11:52.646] [INFO] normalLog - GET /css/themes/default.css
[2014-10-08 09:11:52.647] [INFO] normalLog - GET /js/jquery.min.js
[2014-10-08 09:11:52.925] [INFO] normalLog - GET /css/themes/icons/man.png
[2014-10-08 09:11:56.039] [INFO] normalLog - GET /sessionContent
[2014-10-08 09:11:56.103] [INFO] normalLog - POST /adminperson
[2014-10-08 09:12:05.692] [INFO] normalLog - GET /favicon.ico
[2014-10-08 09:12:08.459] [INFO] normalLog - GET /admin
[2014-10-08 09:12:08.460] [INFO] normalLog - GET /admin
[2014-10-08 09:12:08.487] [INFO] normalLog - GET /favicon.ico
[2014-10-08 09:12:08.496] [INFO] normalLog - GET /favicon.ico
[2014-10-08 09:12:08.523] [INFO] normalLog - GET /css/themes/default/easyui.css
[2014-10-08 09:12:08.526] [INFO] normalLog - GET /css/themes/icon.css
[2014-10-08 09:12:08.533] [INFO] normalLog - GET /css/themes/default.css
[2014-10-08 09:12:08.535] [INFO] normalLog - GET /js/jquery.min.js
[2014-10-08 09:12:08.536] [INFO] normalLog - GET /js/outlook2.js
[2014-10-08 09:12:08.536] [INFO] normalLog - GET /js/jquery.easyui.min.js
[2014-10-08 09:12:08.539] [INFO] normalLog - GET /images/cloud.jpg
[2014-10-08 09:12:15.795] [INFO] normalLog - GET /
[2014-10-08 09:12:15.849] [INFO] normalLog - GET /css/themes/default/easyui.css
[2014-10-08 09:12:15.870] [INFO] normalLog - GET /css/themes/icon.css
[2014-10-08 09:12:15.877] [INFO] normalLog - GET /js/jquery.easyui.min.js
[2014-10-08 09:12:15.878] [INFO] normalLog - GET /css/themes/default.css
[2014-10-08 09:12:15.879] [INFO] normalLog - GET /js/jquery.min.js
[2014-10-08 09:12:15.880] [INFO] normalLog - GET /js/easyui-lang-zh_CN.js
[2014-10-08 09:12:16.072] [INFO] normalLog - GET /css/themes/icons/cancel.png
[2014-10-08 09:12:16.073] [INFO] normalLog - GET /css/themes/icons/ok.png
[2014-10-08 09:12:16.245] [INFO] normalLog - GET /favicon.ico
[2014-10-08 09:14:02.249] [INFO] normalLog - GET /admin
[2014-10-08 09:14:02.322] [INFO] normalLog - GET /css/themes/icon.css
[2014-10-08 09:14:02.323] [INFO] normalLog - GET /css/themes/default.css
[2014-10-08 09:14:02.324] [INFO] normalLog - GET /css/themes/default/easyui.css
[2014-10-08 09:14:02.325] [INFO] normalLog - GET /js/outlook2.js
[2014-10-08 09:14:02.326] [INFO] normalLog - GET /js/jquery.min.js
[2014-10-08 09:14:02.327] [INFO] normalLog - GET /js/jquery.easyui.min.js
[2014-10-08 09:14:02.333] [INFO] normalLog - GET /images/cloud.jpg
[2014-10-08 09:14:02.694] [INFO] normalLog - GET /favicon.ico
[2014-10-08 09:14:05.853] [INFO] normalLog - GET /adminindex
[2014-10-08 09:14:05.913] [INFO] normalLog - GET /css/themes/default/easyui.css
[2014-10-08 09:14:05.929] [INFO] normalLog - GET /css/themes/icon.css
[2014-10-08 09:14:05.931] [INFO] normalLog - GET /css/themes/default.css
[2014-10-08 09:14:05.933] [INFO] normalLog - GET /js/jquery.min.js
[2014-10-08 09:14:05.935] [INFO] normalLog - GET /js/outlook2.js
[2014-10-08 09:14:05.936] [INFO] normalLog - GET /js/jquery.easyui.min.js
[2014-10-08 09:14:05.938] [INFO] normalLog - GET /images/cloud.jpg
[2014-10-08 09:14:06.300] [INFO] normalLog - GET /favicon.ico
[2014-10-08 09:14:27.376] [INFO] normalLog - GET /adminindex
[2014-10-08 09:14:27.448] [INFO] normalLog - GET /css/themes/default/easyui.css
[2014-10-08 09:14:27.483] [INFO] normalLog - GET /css/themes/icon.css
[2014-10-08 09:14:27.485] [INFO] normalLog - GET /css/themes/default.css
[2014-10-08 09:14:27.486] [INFO] normalLog - GET /js/jquery.min.js
[2014-10-08 09:14:27.488] [INFO] normalLog - GET /js/jquery.easyui.min.js
[2014-10-08 09:14:27.489] [INFO] normalLog - GET /js/outlook2.js
[2014-10-08 09:14:27.490] [INFO] normalLog - GET /images/cloud.jpg
[2014-10-08 09:14:27.621] [INFO] normalLog - GET /css/themes/icons/redo.png
[2014-10-08 09:14:27.642] [INFO] normalLog - GET /css/themes/default/images/blank.gif
[2014-10-08 09:14:27.644] [INFO] normalLog - GET /css/themes/default/images/panel_tools.png
[2014-10-08 09:14:27.645] [INFO] normalLog - GET /css/themes/default/images/layout_arrows.png
[2014-10-08 09:14:27.676] [INFO] normalLog - GET /css/themes/default/images/tabs_icons.png
[2014-10-08 09:14:27.706] [INFO] normalLog - GET /images/tabicons.png
[2014-10-08 09:14:27.709] [INFO] normalLog - GET /css/themes/default/images/accordion_arrows.png
[2014-10-08 09:14:27.836] [INFO] normalLog - GET /favicon.ico
